<?xml version="1.0" encoding="UTF-8"?>
<testsuite name="com.signavio.solution.GreetingKataTest" tests="1" skipped="0" failures="0" errors="0" timestamp="2021-11-29T09:06:49" hostname="W-CDP3VT2" time="0.026">
  <properties/>
  <testcase name="greet_twoNames_returnHelloToBoth()" classname="com.signavio.solution.GreetingKataTest" time="0.026"/>
  <system-out><![CDATA[]]></system-out>
  <system-err><![CDATA[]]></system-err>
</testsuite>
