<?xml version="1.0" encoding="UTF-8"?>
<testsuite name="com.signavio.solution.GreetingKataTest" tests="1" skipped="0" failures="0" errors="0" timestamp="2021-11-29T08:59:14" hostname="W-CDP3VT2" time="0.033">
  <properties/>
  <testcase name="greet_allUpperCase_returnHELLO()" classname="com.signavio.solution.GreetingKataTest" time="0.033"/>
  <system-out><![CDATA[]]></system-out>
  <system-err><![CDATA[]]></system-err>
</testsuite>
